2025-09-08 07:20:59,090 - {"record_id": "68bb12eb35db675a8b09a37c", "username": "Chad Allen II", "channel": "App Store/Google Play", "platform": "Google Play Store", "dominant_topic": "System Outage Frustration", "subtopics": "Prevention Measures Required", "rating": 2, "priority": "P1 - High", "sentiment": "Negative", "urgency": true, "review_helpful": 5, "has_title": false, "generation_time": 22.23421597480774, "text_length": 1323}
2025-09-08 07:21:08,689 - {"record_id": "68bb12eb35db675a8b09a37a", "username": "Jonathan Mullen", "channel": "App Store/Google Play", "platform": "Google Play Store", "dominant_topic": "System Outage Frustration", "subtopics": "Service Downtime Frequent, Incident Management Poor", "rating": 2, "priority": "P1 - High", "sentiment": "Negative", "urgency": true, "review_helpful": 1, "has_title": false, "generation_time": 31.834139585494995, "text_length": 1334}
2025-09-08 07:21:20,855 - {"record_id": "68bb12eb35db675a8b09a383", "username": "Jennifer Thompson", "channel": "App Store/Google Play", "platform": "Google Play Store", "dominant_topic": "System Outage Frustration", "subtopics": "Reputation Damage, Root Cause Analysis Needed, Prevention Measures Required", "rating": 2, "priority": "P2 - Medium", "sentiment": "Negative", "urgency": true, "review_helpful": 28, "has_title": false, "generation_time": 12.05858850479126, "text_length": 1215}
2025-09-08 07:21:31,347 - {"record_id": "68bb12eb35db675a8b09a37d", "username": "Anita Simmons", "channel": "App Store/Google Play", "platform": "Google Play Store", "dominant_topic": "System Outage Frustration", "subtopics": "Customer Experience Disrupted, Reputation Damage, Infrastructure Reliability Issues", "rating": 1, "priority": "P1 - Critical", "sentiment": "Negative", "urgency": true, "review_helpful": 25, "has_title": false, "generation_time": 22.551555633544922, "text_length": 1343}
2025-09-08 07:21:43,745 - {"record_id": "68bb12eb35db675a8b09a38b", "username": "Justin Snyder", "channel": "App Store/Google Play", "platform": "App Store", "dominant_topic": "System Outage Frustration", "subtopics": "System Unavailable, Reputation Damage, Recovery Time Extended", "rating": 1, "priority": "P1 - High", "sentiment": "Negative", "urgency": true, "review_helpful": 22, "has_title": true, "generation_time": 12.29031753540039, "text_length": 1263}
2025-09-08 07:21:52,792 - {"record_id": "68bb12eb35db675a8b09a388", "username": "Michael Gray", "channel": "App Store/Google Play", "platform": "Google Play Store", "dominant_topic": "System Outage Frustration", "subtopics": "Revenue Loss Significant, Reputation Damage, Recovery Time Extended", "rating": 1, "priority": "P1 - High", "sentiment": "Negative", "urgency": true, "review_helpful": 12, "has_title": false, "generation_time": 21.33778214454651, "text_length": 1198}
2025-09-08 07:22:04,153 - {"record_id": "68bb12eb35db675a8b09a393", "username": "Crystal Middleton", "channel": "App Store/Google Play", "platform": "Google Play Store", "dominant_topic": "System Outage Frustration", "subtopics": "Business Operations Affected, Root Cause Analysis Needed", "rating": 1, "priority": "P1 - High", "sentiment": "Negative", "urgency": true, "review_helpful": 0, "has_title": false, "generation_time": 11.253813743591309, "text_length": 1113}
2025-09-08 07:22:15,202 - {"record_id": "68bb12eb35db675a8b09a390", "username": "Anthony Munoz", "channel": "App Store/Google Play", "platform": "Google Play Store", "dominant_topic": "System Outage Frustration", "subtopics": "Service Downtime Frequent, System Unavailable, Root Cause Analysis Needed", "rating": 2, "priority": "P2 - Medium", "sentiment": "Negative", "urgency": true, "review_helpful": 15, "has_title": false, "generation_time": 22.30360507965088, "text_length": 1583}
2025-09-08 07:22:26,640 - {"record_id": "68bb12eb35db675a8b09a396", "username": "Laura Parsons", "channel": "App Store/Google Play", "platform": "Google Play Store", "dominant_topic": "System Outage Frustration", "subtopics": "Service Downtime Frequent, Recovery Time Extended, Prevention Measures Required", "rating": 2, "priority": "P2 - Medium", "sentiment": "Negative", "urgency": true, "review_helpful": 12, "has_title": false, "generation_time": 11.331476211547852, "text_length": 1246}
2025-09-08 07:22:36,436 - {"record_id": "68bb12eb35db675a8b09a398", "username": "Tiffany Hunt", "channel": "App Store/Google Play", "platform": "Google Play Store", "dominant_topic": "System Outage Frustration", "subtopics": "Service Downtime Frequent, Customer Experience Disrupted, Customer Trust Impacted", "rating": 2, "priority": "P2 - Medium", "sentiment": "Negative", "urgency": true, "review_helpful": 5, "has_title": false, "generation_time": 21.126928329467773, "text_length": 1210}
2025-09-08 07:22:48,024 - {"record_id": "68bb12eb35db675a8b09a3a9", "username": "Gregory Hernandez", "channel": "App Store/Google Play", "platform": "Google Play Store", "dominant_topic": "System Outage Frustration", "subtopics": "Revenue Loss Significant, Communication Inadequate, Root Cause Analysis Needed", "rating": 2, "priority": "P1 - High", "sentiment": "Negative", "urgency": true, "review_helpful": 12, "has_title": false, "generation_time": 11.481302738189697, "text_length": 1205}
2025-09-08 07:22:56,039 - {"record_id": "68bb12eb35db675a8b09a3a6", "username": "Thomas Fischer", "channel": "App Store/Google Play", "platform": "Google Play Store", "dominant_topic": "System Outage Frustration", "subtopics": "System Unavailable, Customer Trust Impacted", "rating": 2, "priority": "P2 - Medium", "sentiment": "Negative", "urgency": true, "review_helpful": 28, "has_title": false, "generation_time": 19.495851278305054, "text_length": 884}
2025-09-08 07:23:09,310 - {"record_id": "68bb12eb35db675a8b09a3aa", "username": "Jordan Benson", "channel": "App Store/Google Play", "platform": "Google Play Store", "dominant_topic": "System Outage Frustration", "subtopics": "Service Downtime Frequent, Prevention Measures Required, Customer Trust Impacted", "rating": 2, "priority": "P2 - Medium", "sentiment": "Negative", "urgency": true, "review_helpful": 25, "has_title": false, "generation_time": 13.165214538574219, "text_length": 1444}
2025-09-08 07:23:19,292 - {"record_id": "68bb12eb35db675a8b09a3ae", "username": "Kyle Kaufman", "channel": "App Store/Google Play", "platform": "App Store", "dominant_topic": "System Outage Frustration", "subtopics": "System Unavailable, Reputation Damage, Service Level Breached", "rating": 1, "priority": "P1 - Critical", "sentiment": "Negative", "urgency": true, "review_helpful": 23, "has_title": true, "generation_time": 23.14646863937378, "text_length": 1327}
2025-09-08 07:23:31,906 - {"record_id": "68bb12eb35db675a8b09a3b4", "username": "Alisha Chase", "channel": "App Store/Google Play", "platform": "Google Play Store", "dominant_topic": "System Outage Frustration", "subtopics": "Communication Inadequate, Root Cause Analysis Needed", "rating": 2, "priority": "P2 - Medium", "sentiment": "Negative", "urgency": true, "review_helpful": 5, "has_title": false, "generation_time": 12.506939172744751, "text_length": 1277}
2025-09-08 07:23:41,266 - {"record_id": "68bb12eb35db675a8b09a3b2", "username": "Sean Gray", "channel": "App Store/Google Play", "platform": "Google Play Store", "dominant_topic": "System Outage Frustration", "subtopics": "System Unavailable, Platform Outage Impact, Business Operations Affected", "rating": 2, "priority": "P2 - Medium", "sentiment": "Negative", "urgency": true, "review_helpful": 12, "has_title": false, "generation_time": 21.86754012107849, "text_length": 1172}
2025-09-08 07:23:52,847 - {"record_id": "68bb12eb35db675a8b09a3b6", "username": "Kevin Phillips", "channel": "App Store/Google Play", "platform": "Google Play Store", "dominant_topic": "System Outage Frustration", "subtopics": "Service Downtime Frequent, Business Operations Affected, Revenue Loss Significant", "rating": 2, "priority": "P1 - High", "sentiment": "Negative", "urgency": true, "review_helpful": 5, "has_title": false, "generation_time": 11.473921298980713, "text_length": 1205}
2025-09-08 07:24:02,471 - {"record_id": "68bb12eb35db675a8b09a3b7", "username": "Susan Bass", "channel": "App Store/Google Play", "platform": "Google Play Store", "dominant_topic": "System Outage Frustration", "subtopics": "System Unavailable, Revenue Loss Significant, Incident Management Poor", "rating": 2, "priority": "P1 - High", "sentiment": "Negative", "urgency": true, "review_helpful": 25, "has_title": false, "generation_time": 21.097760677337646, "text_length": 1147}
2025-09-08 07:24:15,198 - {"record_id": "68bb12eb35db675a8b09a3bc", "username": "Mike Jenkins", "channel": "App Store/Google Play", "platform": "App Store", "dominant_topic": "System Outage Frustration", "subtopics": "Platform Outage Impact, Business Operations Affected, Recovery Time Extended", "rating": 1, "priority": "P1 - Critical", "sentiment": "Negative", "urgency": true, "review_helpful": 22, "has_title": true, "generation_time": 12.619575262069702, "text_length": 1267}
2025-09-08 07:24:24,760 - {"record_id": "68bb12eb35db675a8b09a3ba", "username": "William Mckinney", "channel": "App Store/Google Play", "platform": "Google Play Store", "dominant_topic": "System Outage Frustration", "subtopics": "System Unavailable, Prevention Measures Required, Service Level Breached", "rating": 2, "priority": "P2 - Medium", "sentiment": "Negative", "urgency": true, "review_helpful": 15, "has_title": false, "generation_time": 22.181769132614136, "text_length": 1321}
2025-09-08 07:24:37,041 - {"record_id": "68bb12eb35db675a8b09a3bd", "username": "Brian Romero", "channel": "App Store/Google Play", "platform": "Google Play Store", "dominant_topic": "System Outage Frustration", "subtopics": "Service Downtime Frequent, Revenue Loss Significant, Infrastructure Reliability Issues", "rating": 2, "priority": "P1 - High", "sentiment": "Negative", "urgency": true, "review_helpful": 12, "has_title": false, "generation_time": 12.174286127090454, "text_length": 1216}
2025-09-08 07:24:47,551 - {"record_id": "68bb12eb35db675a8b09a3c5", "username": "John White", "channel": "App Store/Google Play", "platform": "Google Play Store", "dominant_topic": "Manager Unavailable Complaints", "subtopics": "Management Not Available, Leadership Inaccessibility, Resource Planning Issues", "rating": 2, "priority": "P1 - High", "sentiment": "Negative", "urgency": true, "review_helpful": 5, "has_title": false, "generation_time": 22.683695793151855, "text_length": 1371}
2025-09-08 07:24:59,800 - {"record_id": "68bb12eb35db675a8b09a3d3", "username": "Joseph Hernandez", "channel": "App Store/Google Play", "platform": "Google Play Store", "dominant_topic": "Manager Unavailable Complaints", "subtopics": "Supervisor Absent, Escalation Delays", "rating": 2, "priority": "P2 - Medium", "sentiment": "Negative", "urgency": true, "review_helpful": 28, "has_title": false, "generation_time": 12.142759561538696, "text_length": 1307}
2025-09-08 07:25:09,620 - {"record_id": "68bb12eb35db675a8b09a3dd", "username": "Kathryn Murray", "channel": "App Store/Google Play", "platform": "Google Play Store", "dominant_topic": "Manager Unavailable Complaints", "subtopics": "Leadership Inaccessibility", "rating": 2, "priority": "P2 - Medium", "sentiment": "Negative", "urgency": true, "review_helpful": 8, "has_title": false, "generation_time": 21.96194887161255, "text_length": 1306}
2025-09-08 07:25:22,516 - {"record_id": "68bb12eb35db675a8b09a3de", "username": "Casey Myers", "channel": "App Store/Google Play", "platform": "Google Play Store", "dominant_topic": "Manager Unavailable Complaints", "subtopics": "Customer Frustration High, Resource Planning Issues, Service Delivery Impact", "rating": 2, "priority": "P2 - Medium", "sentiment": "Negative", "urgency": true, "review_helpful": 5, "has_title": false, "generation_time": 12.790227174758911, "text_length": 1343}
2025-09-08 07:25:31,497 - {"record_id": "68bb12eb35db675a8b09a3e2", "username": "Charles Bailey", "channel": "App Store/Google Play", "platform": "Google Play Store", "dominant_topic": "Manager Unavailable Complaints", "subtopics": "Communication Channels Unclear, Service Delivery Impact", "rating": 2, "priority": "P2 - Medium", "sentiment": "Negative", "urgency": true, "review_helpful": 12, "has_title": false, "generation_time": 21.770352840423584, "text_length": 1162}
2025-09-08 07:25:45,137 - {"record_id": "68bb12eb35db675a8b09a3e3", "username": "Jennifer Miller", "channel": "App Store/Google Play", "platform": "Google Play Store", "dominant_topic": "Manager Unavailable Complaints", "subtopics": "Coverage Gaps, Customer Frustration High, Communication Channels Unclear", "rating": 2, "priority": "P2 - Medium", "sentiment": "Negative", "urgency": true, "review_helpful": 15, "has_title": false, "generation_time": 13.533339023590088, "text_length": 1642}
2025-09-08 07:25:54,799 - {"record_id": "68bb12eb35db675a8b09a3e6", "username": "Elizabeth Joseph", "channel": "App Store/Google Play", "platform": "App Store", "dominant_topic": "Manager Unavailable Complaints", "subtopics": "Authority Figure Missing, Decision Making Delayed, Service Recovery Impact", "rating": 2, "priority": "P2 - Medium", "sentiment": "Negative", "urgency": true, "review_helpful": 15, "has_title": true, "generation_time": 23.194904327392578, "text_length": 1028}
2025-09-08 07:26:07,558 - {"record_id": "68bb12eb35db675a8b09a3e8", "username": "Deanna Dorsey", "channel": "App Store/Google Play", "platform": "App Store", "dominant_topic": "Manager Unavailable Complaints", "subtopics": "Leadership Inaccessibility, Scheduling Conflicts", "rating": 2, "priority": "P2 - Medium", "sentiment": "Negative", "urgency": true, "review_helpful": 28, "has_title": true, "generation_time": 12.652911186218262, "text_length": 1310}
2025-09-08 07:26:18,850 - {"record_id": "68bb12eb35db675a8b09a3ec", "username": "Nicholas Garcia", "channel": "App Store/Google Play", "platform": "Google Play Store", "dominant_topic": "Manager Unavailable Complaints", "subtopics": "Management Not Available, Scheduling Conflicts, Decision Making Delayed", "rating": 2, "priority": "P2 - Medium", "sentiment": "Negative", "urgency": true, "review_helpful": 1, "has_title": false, "generation_time": 23.94442367553711, "text_length": 1555}
2025-09-08 07:26:31,500 - {"record_id": "68bb12eb35db675a8b09a3ed", "username": "James Soto", "channel": "App Store/Google Play", "platform": "Google Play Store", "dominant_topic": "Manager Unavailable Complaints", "subtopics": "Service Recovery Impact, Service Delivery Impact, Organizational Issues", "rating": 2, "priority": "P2 - Medium", "sentiment": "Negative", "urgency": true, "review_helpful": 28, "has_title": false, "generation_time": 12.543501615524292, "text_length": 1362}
2025-09-08 07:26:43,434 - {"record_id": "68bb12eb35db675a8b09a3ee", "username": "Michael Patton", "channel": "App Store/Google Play", "platform": "App Store", "dominant_topic": "Manager Unavailable Complaints", "subtopics": "Management Not Available", "rating": 1, "priority": "P1 - Critical", "sentiment": "Negative", "urgency": true, "review_helpful": 27, "has_title": true, "generation_time": 24.4766685962677, "text_length": 1571}
2025-09-08 07:26:56,518 - {"record_id": "68bb12eb35db675a8b09a3ef", "username": "Katie Bradley", "channel": "App Store/Google Play", "platform": "Google Play Store", "dominant_topic": "Manager Unavailable Complaints", "subtopics": "Management Not Available, Service Recovery Impact, Communication Channels Unclear", "rating": 2, "priority": "P2 - Medium", "sentiment": "Negative", "urgency": true, "review_helpful": 1, "has_title": false, "generation_time": 12.977811574935913, "text_length": 1431}
2025-09-08 07:27:07,463 - {"record_id": "68bb12eb35db675a8b09a3f6", "username": "Nancy Adams", "channel": "App Store/Google Play", "platform": "Google Play Store", "dominant_topic": "Manager Unavailable Complaints", "subtopics": "Supervisor Absent, Management Structure Problems, Communication Channels Unclear", "rating": 2, "priority": "P2 - Medium", "sentiment": "Negative", "urgency": true, "review_helpful": 4, "has_title": false, "generation_time": 23.92169451713562, "text_length": 1504}
2025-09-08 07:27:22,470 - {"record_id": "68bb12eb35db675a8b09a3f7", "username": "Rita Warren", "channel": "App Store/Google Play", "platform": "App Store", "dominant_topic": "Manager Unavailable Complaints", "subtopics": "Authority Figure Missing, Service Recovery Impact, Organizational Issues", "rating": 2, "priority": "P2 - Medium", "sentiment": "Negative", "urgency": true, "review_helpful": 27, "has_title": true, "generation_time": 14.899901390075684, "text_length": 1724}
2025-09-08 07:27:31,799 - {"record_id": "68bb12eb35db675a8b09a3f8", "username": "Nicholas Ruiz", "channel": "App Store/Google Play", "platform": "Google Play Store", "dominant_topic": "Manager Unavailable Complaints", "subtopics": "Authority Figure Missing, Coverage Gaps, Escalation Delays", "rating": 2, "priority": "P2 - Medium", "sentiment": "Negative", "urgency": true, "review_helpful": 15, "has_title": false, "generation_time": 24.229265451431274, "text_length": 1179}
2025-09-08 07:27:44,604 - {"record_id": "68bb12eb35db675a8b09a3fa", "username": "Sheila Lynch", "channel": "App Store/Google Play", "platform": "Google Play Store", "dominant_topic": "Manager Unavailable Complaints", "subtopics": "Scheduling Conflicts, Service Recovery Impact, Organizational Issues", "rating": 2, "priority": "P2 - Medium", "sentiment": "Negative", "urgency": true, "review_helpful": 12, "has_title": false, "generation_time": 12.697895526885986, "text_length": 1334}
2025-09-08 07:27:53,063 - {"record_id": "68bb12eb35db675a8b09a3fb", "username": "Patrick Terry", "channel": "App Store/Google Play", "platform": "Google Play Store", "dominant_topic": "Manager Unavailable Complaints", "subtopics": "Scheduling Conflicts, Management Structure Problems", "rating": 2, "priority": "P2 - Medium", "sentiment": "Negative", "urgency": true, "review_helpful": 15, "has_title": false, "generation_time": 21.15719485282898, "text_length": 1038}
2025-09-08 07:28:06,112 - {"record_id": "68bb12eb35db675a8b09a3fd", "username": "Sarah Garcia", "channel": "App Store/Google Play", "platform": "App Store", "dominant_topic": "Manager Unavailable Complaints", "subtopics": "Resource Planning Issues, Service Delivery Impact, Organizational Issues", "rating": 2, "priority": "P2 - Medium", "sentiment": "Negative", "urgency": true, "review_helpful": 0, "has_title": true, "generation_time": 12.940760612487793, "text_length": 1246}
2025-09-08 07:28:16,216 - {"record_id": "68bb12eb35db675a8b09a3fc", "username": "Colleen Harris", "channel": "App Store/Google Play", "platform": "Google Play Store", "dominant_topic": "Manager Unavailable Complaints", "subtopics": "Management Not Available, Scheduling Conflicts, Communication Channels Unclear", "rating": 2, "priority": "P2 - Medium", "sentiment": "Negative", "urgency": true, "review_helpful": 12, "has_title": false, "generation_time": 23.045351266860962, "text_length": 1259}
2025-09-08 07:28:28,840 - {"record_id": "68bb12eb35db675a8b09a3ff", "username": "Cheyenne Dixon", "channel": "App Store/Google Play", "platform": "Google Play Store", "dominant_topic": "Manager Unavailable Complaints", "subtopics": "Scheduling Conflicts, Decision Making Delayed, Communication Channels Unclear", "rating": 3, "priority": "P3 - Low", "sentiment": "Neutral", "urgency": false, "review_helpful": 0, "has_title": false, "generation_time": 12.51689624786377, "text_length": 1334}
2025-09-08 07:28:39,302 - {"record_id": "68bb12eb35db675a8b09a3fe", "username": "Tammy Holmes", "channel": "App Store/Google Play", "platform": "App Store", "dominant_topic": "Manager Unavailable Complaints", "subtopics": "Supervisor Absent, Service Recovery Impact, Resource Planning Issues", "rating": 2, "priority": "P2 - Medium", "sentiment": "Negative", "urgency": true, "review_helpful": 15, "has_title": true, "generation_time": 22.97890877723694, "text_length": 1222}
2025-09-08 07:28:52,283 - {"record_id": "68bb12eb35db675a8b09a406", "username": "Morgan Miller", "channel": "App Store/Google Play", "platform": "Google Play Store", "dominant_topic": "Manager Unavailable Complaints", "subtopics": "Authority Figure Missing, Leadership Inaccessibility, Customer Frustration High", "rating": 2, "priority": "P2 - Medium", "sentiment": "Negative", "urgency": true, "review_helpful": 23, "has_title": false, "generation_time": 12.874833106994629, "text_length": 1433}
2025-09-08 07:29:02,813 - {"record_id": "68bb12eb35db675a8b09a405", "username": "Sabrina Stevens", "channel": "App Store/Google Play", "platform": "App Store", "dominant_topic": "Manager Unavailable Complaints", "subtopics": "Authority Figure Missing, Leadership Inaccessibility, Service Delivery Impact", "rating": 2, "priority": "P2 - Medium", "sentiment": "Negative", "urgency": true, "review_helpful": 12, "has_title": true, "generation_time": 23.405345916748047, "text_length": 1311}
2025-09-08 07:29:16,324 - {"record_id": "68bb12eb35db675a8b09a40c", "username": "Sharon King", "channel": "App Store/Google Play", "platform": "Google Play Store", "dominant_topic": "Manager Unavailable Complaints", "subtopics": "Management Structure Problems, Service Delivery Impact", "rating": 2, "priority": "P2 - Medium", "sentiment": "Negative", "urgency": true, "review_helpful": 12, "has_title": false, "generation_time": 13.40292739868164, "text_length": 1408}
2025-09-08 07:29:25,864 - {"record_id": "68bb12eb35db675a8b09a40a", "username": "Hannah Robinson", "channel": "App Store/Google Play", "platform": "Google Play Store", "dominant_topic": "Manager Unavailable Complaints", "subtopics": "Management Not Available, Coverage Gaps, Customer Frustration High", "rating": 2, "priority": "P2 - Medium", "sentiment": "Negative", "urgency": true, "review_helpful": 5, "has_title": false, "generation_time": 22.944055318832397, "text_length": 1190}
2025-09-08 07:29:38,620 - {"record_id": "68bb12eb35db675a8b09a412", "username": "Karen Cooper", "channel": "App Store/Google Play", "platform": "Google Play Store", "dominant_topic": "Manager Unavailable Complaints", "subtopics": "Scheduling Conflicts, Customer Frustration High, Communication Channels Unclear", "rating": 2, "priority": "P2 - Medium", "sentiment": "Negative", "urgency": true, "review_helpful": 28, "has_title": false, "generation_time": 12.648577690124512, "text_length": 1160}
2025-09-08 07:29:49,583 - {"record_id": "68bb12eb35db675a8b09a413", "username": "Amanda Finley", "channel": "App Store/Google Play", "platform": "Google Play Store", "dominant_topic": "Cross Border Issues", "subtopics": "EU Directive Requirements, Service Standardization Difficult, Operational Complexity High", "rating": 2, "priority": "P2 - Medium", "sentiment": "Negative", "urgency": false, "review_helpful": 6, "has_title": false, "generation_time": 23.61148166656494, "text_length": 1453}
2025-09-08 07:30:01,842 - {"record_id": "68bb12eb35db675a8b09a416", "username": "Michael Meza", "channel": "App Store/Google Play", "platform": "Google Play Store", "dominant_topic": "Cross Border Issues", "subtopics": "International Compliance Challenges, Documentation Requirements Heavy, Compliance Costs High", "rating": 2, "priority": "P2 - Medium", "sentiment": "Negative", "urgency": false, "review_helpful": 12, "has_title": false, "generation_time": 12.152193307876587, "text_length": 1431}
2025-09-08 07:30:11,000 - {"record_id": "68bb12eb35db675a8b09a415", "username": "Sharon Wright", "channel": "App Store/Google Play", "platform": "Google Play Store", "dominant_topic": "Cross Border Issues", "subtopics": "Cross-Border Regulations Complex, Regulatory Variations, Processing Delays", "rating": 2, "priority": "P2 - Medium", "sentiment": "Negative", "urgency": false, "review_helpful": 5, "has_title": false, "generation_time": 21.30970048904419, "text_length": 1221}
2025-09-08 07:30:22,539 - {"record_id": "68bb12eb35db675a8b09a417", "username": "Ms. Dorothy Carroll DDS", "channel": "App Store/Google Play", "platform": "App Store", "dominant_topic": "Cross Border Issues", "subtopics": "Correspondent Bank Dependencies, Compliance Costs High", "rating": 2, "priority": "P2 - Medium", "sentiment": "Negative", "urgency": false, "review_helpful": 7, "has_title": true, "generation_time": 11.432411193847656, "text_length": 1090}
2025-09-08 07:30:33,663 - {"record_id": "68bb12eb35db675a8b09a418", "username": "Amanda Harris", "channel": "App Store/Google Play", "platform": "App Store", "dominant_topic": "Cross Border Issues", "subtopics": "International Compliance Challenges, EU Directive Requirements, Operational Complexity High", "rating": 2, "priority": "P2 - Medium", "sentiment": "Negative", "urgency": false, "review_helpful": 10, "has_title": true, "generation_time": 22.55567169189453, "text_length": 1433}
2025-09-08 07:30:45,145 - {"record_id": "68bb12eb35db675a8b09a41c", "username": "Amy Leach", "channel": "App Store/Google Play", "platform": "Google Play Store", "dominant_topic": "Cross Border Issues", "subtopics": "Documentation Requirements Heavy, Currency Restrictions, Compliance Costs High", "rating": 2, "priority": "P2 - Medium", "sentiment": "Negative", "urgency": false, "review_helpful": 4, "has_title": false, "generation_time": 11.375028133392334, "text_length": 1211}
2025-09-08 07:30:54,899 - {"record_id": "68bb12eb35db675a8b09a419", "username": "Samantha Evans", "channel": "App Store/Google Play", "platform": "Google Play Store", "dominant_topic": "Cross Border Issues", "subtopics": "Currency Restrictions, Risk Management Challenges, Service Standardization Difficult", "rating": 2, "priority": "P2 - Medium", "sentiment": "Negative", "urgency": false, "review_helpful": 3, "has_title": false, "generation_time": 21.12915825843811, "text_length": 1490}
2025-09-08 07:31:06,970 - {"record_id": "68bb12eb35db675a8b09a421", "username": "Vincent Scott", "channel": "App Store/Google Play", "platform": "Google Play Store", "dominant_topic": "Cross Border Issues", "subtopics": "International Compliance Challenges, Compliance Costs High, Operational Complexity High", "rating": 2, "priority": "P2 - Medium", "sentiment": "Negative", "urgency": false, "review_helpful": 13, "has_title": false, "generation_time": 11.964328050613403, "text_length": 1269}
2025-09-08 07:31:17,786 - {"record_id": "68bb12eb35db675a8b09a41e", "username": "David Robinson", "channel": "App Store/Google Play", "platform": "Google Play Store", "dominant_topic": "Cross Border Issues", "subtopics": "Multi-Country Operations Difficult, Currency Restrictions, Compliance Costs High", "rating": 2, "priority": "P2 - Medium", "sentiment": "Negative", "urgency": false, "review_helpful": 12, "has_title": false, "generation_time": 22.78075385093689, "text_length": 1539}
2025-09-08 07:31:29,663 - {"record_id": "68bb12eb35db675a8b09a425", "username": "Toni Hall", "channel": "App Store/Google Play", "platform": "App Store", "dominant_topic": "Cross Border Issues", "subtopics": "Cross-Border Regulations Complex, Risk Management Challenges, System Integration Complex", "rating": 2, "priority": "P2 - Medium", "sentiment": "Negative", "urgency": false, "review_helpful": 5, "has_title": true, "generation_time": 11.770703077316284, "text_length": 1131}
2025-09-08 07:31:41,233 - {"record_id": "68bb12eb35db675a8b09a42a", "username": "Christopher Rice", "channel": "App Store/Google Play", "platform": "Google Play Store", "dominant_topic": "Cross Border Issues", "subtopics": "Multi-Country Operations Difficult, Processing Delays", "rating": 2, "priority": "P2 - Medium", "sentiment": "Negative", "urgency": false, "review_helpful": 10, "has_title": false, "generation_time": 23.339577436447144, "text_length": 1658}
2025-09-08 07:31:53,102 - {"record_id": "68bb12eb35db675a8b09a42e", "username": "Rebecca Yu", "channel": "App Store/Google Play", "platform": "App Store", "dominant_topic": "Cross Border Issues", "subtopics": "Documentation Requirements Heavy, Risk Management Challenges, Compliance Costs High", "rating": 2, "priority": "P2 - Medium", "sentiment": "Negative", "urgency": false, "review_helpful": 2, "has_title": true, "generation_time": 11.761911392211914, "text_length": 1303}
2025-09-08 07:32:03,952 - {"record_id": "68bb12eb35db675a8b09a430", "username": "Elizabeth Mitchell", "channel": "App Store/Google Play", "platform": "Google Play Store", "dominant_topic": "Cross Border Issues", "subtopics": "Cross-Border Regulations Complex, Compliance Costs High, Customer Experience Inconsistent", "rating": 2, "priority": "P2 - Medium", "sentiment": "Negative", "urgency": false, "review_helpful": 8, "has_title": false, "generation_time": 22.61176609992981, "text_length": 1501}
2025-09-08 07:32:16,701 - {"record_id": "68bb12eb35db675a8b09a433", "username": "Jennifer Murray", "channel": "App Store/Google Play", "platform": "App Store", "dominant_topic": "Cross Border Issues", "subtopics": "Correspondent Bank Dependencies, Risk Management Challenges, Compliance Costs High", "rating": 2, "priority": "P2 - Medium", "sentiment": "Negative", "urgency": false, "review_helpful": 10, "has_title": true, "generation_time": 12.641904354095459, "text_length": 1407}
2025-09-08 07:32:26,565 - {"record_id": "68bb12eb35db675a8b09a431", "username": "Russell Spence", "channel": "App Store/Google Play", "platform": "Google Play Store", "dominant_topic": "Cross Border Issues", "subtopics": "Compliance Costs High, Service Standardization Difficult", "rating": 2, "priority": "P2 - Medium", "sentiment": "Negative", "urgency": false, "review_helpful": 2, "has_title": false, "generation_time": 22.50622272491455, "text_length": 1305}
2025-09-08 07:32:39,650 - {"record_id": "68bb12eb35db675a8b09a438", "username": "Timothy Reyes", "channel": "App Store/Google Play", "platform": "App Store", "dominant_topic": "Cross Border Issues", "subtopics": "Cross-Border Regulations Complex, Regulatory Variations, Risk Management Challenges", "rating": 2, "priority": "P2 - Medium", "sentiment": "Negative", "urgency": false, "review_helpful": 9, "has_title": true, "generation_time": 12.977289915084839, "text_length": 1714}
2025-09-08 07:32:47,647 - {"record_id": "68bb12eb35db675a8b09a434", "username": "Kayla Lopez", "channel": "App Store/Google Play", "platform": "Google Play Store", "dominant_topic": "Cross Border Issues", "subtopics": "Processing Delays, Risk Management Challenges, Compliance Costs High", "rating": 2, "priority": "P2 - Medium", "sentiment": "Negative", "urgency": false, "review_helpful": 7, "has_title": false, "generation_time": 20.975178003311157, "text_length": 1006}
2025-09-08 07:32:59,395 - {"record_id": "68bb12eb35db675a8b09a43e", "username": "John Johnson", "channel": "App Store/Google Play", "platform": "Google Play Store", "dominant_topic": "Cross Border Issues", "subtopics": "EU Directive Requirements, Processing Delays, Customer Experience Inconsistent", "rating": 2, "priority": "P2 - Medium", "sentiment": "Negative", "urgency": false, "review_helpful": 12, "has_title": false, "generation_time": 11.640906810760498, "text_length": 1195}
2025-09-08 07:33:06,737 - {"record_id": "68bb12eb35db675a8b09a443", "username": "Stephen Arnold", "channel": "App Store/Google Play", "platform": "Google Play Store", "dominant_topic": "Cross Border Issues", "subtopics": "Multi-Country Operations Difficult, Documentation Requirements Heavy", "rating": 2, "priority": "P2 - Medium", "sentiment": "Negative", "urgency": false, "review_helpful": 14, "has_title": false, "generation_time": 18.98246455192566, "text_length": 896}
2025-09-08 07:33:16,743 - {"record_id": "68bb12eb35db675a8b09a44a", "username": "Justin Cox", "channel": "App Store/Google Play", "platform": "Google Play Store", "dominant_topic": "Cross Border Issues", "subtopics": "Multi-Country Operations Difficult, Documentation Requirements Heavy, Customer Experience Inconsistent", "rating": 2, "priority": "P2 - Medium", "sentiment": "Negative", "urgency": false, "review_helpful": 6, "has_title": false, "generation_time": 9.89974069595337, "text_length": 859}
2025-09-08 07:33:27,504 - {"record_id": "68bb12eb35db675a8b09a44d", "username": "John Frost", "channel": "App Store/Google Play", "platform": "App Store", "dominant_topic": "Cross Border Issues", "subtopics": "Correspondent Bank Dependencies, Operational Complexity High", "rating": 2, "priority": "P2 - Medium", "sentiment": "Negative", "urgency": false, "review_helpful": 5, "has_title": true, "generation_time": 20.66050124168396, "text_length": 1385}
2025-09-08 07:33:39,426 - {"record_id": "68bb12eb35db675a8b09a453", "username": "Kayla Miller", "channel": "App Store/Google Play", "platform": "Google Play Store", "dominant_topic": "Cross Border Issues", "subtopics": "Processing Delays, Compliance Costs High, Service Standardization Difficult", "rating": 2, "priority": "P2 - Medium", "sentiment": "Negative", "urgency": false, "review_helpful": 4, "has_title": false, "generation_time": 11.81465744972229, "text_length": 1457}
2025-09-08 07:33:49,415 - {"record_id": "68bb12eb35db675a8b09a44f", "username": "Wendy Mckee", "channel": "App Store/Google Play", "platform": "App Store", "dominant_topic": "Cross Border Issues", "subtopics": "Processing Delays, Correspondent Bank Dependencies, Operational Complexity High", "rating": 2, "priority": "P2 - Medium", "sentiment": "Negative", "urgency": false, "review_helpful": 9, "has_title": true, "generation_time": 21.804415225982666, "text_length": 1254}
2025-09-08 07:34:02,151 - {"record_id": "68bb12eb35db675a8b09a456", "username": "Jamie Espinoza", "channel": "App Store/Google Play", "platform": "Google Play Store", "dominant_topic": "Platform Crash Reports", "subtopics": "System Failures Critical, Revenue Loss, Incident Response Required", "rating": 2, "priority": "P1 - High", "sentiment": "Negative", "urgency": true, "review_helpful": 25, "has_title": false, "generation_time": 12.62865686416626, "text_length": 1221}
2025-09-08 07:34:12,201 - {"record_id": "68bb12eb35db675a8b09a45c", "username": "Misty Bowman", "channel": "App Store/Google Play", "platform": "Google Play Store", "dominant_topic": "Platform Crash Reports", "subtopics": "System Failures Critical, Recovery Time Extended, Revenue Loss", "rating": 2, "priority": "P1 - High", "sentiment": "Negative", "urgency": true, "review_helpful": 28, "has_title": false, "generation_time": 22.679224252700806, "text_length": 1171}
2025-09-08 07:34:23,948 - {"record_id": "68bb12eb35db675a8b09a462", "username": "Dustin Rios", "channel": "App Store/Google Play", "platform": "Google Play Store", "dominant_topic": "Platform Crash Reports", "subtopics": "Database Failures, Incident Response Required, Root Cause Analysis Needed", "rating": 2, "priority": "P2 - Medium", "sentiment": "Negative", "urgency": true, "review_helpful": 1, "has_title": false, "generation_time": 11.639419078826904, "text_length": 1189}
2025-09-08 07:34:34,708 - {"record_id": "68bb12eb35db675a8b09a463", "username": "Theresa Morris", "channel": "App Store/Google Play", "platform": "App Store", "dominant_topic": "Platform Crash Reports", "subtopics": "Network Outages, Database Failures, Revenue Loss", "rating": 1, "priority": "P1 - Critical", "sentiment": "Negative", "urgency": true, "review_helpful": 10, "has_title": true, "generation_time": 22.398800373077393, "text_length": 1488}
2025-09-08 07:34:47,283 - {"record_id": "68bb12eb35db675a8b09a464", "username": "Brian Flowers", "channel": "App Store/Google Play", "platform": "Google Play Store", "dominant_topic": "Platform Crash Reports", "subtopics": "Application Errors, Revenue Loss, Prevention Measures Required", "rating": 2, "priority": "P1 - High", "sentiment": "Negative", "urgency": true, "review_helpful": 25, "has_title": false, "generation_time": 12.469181299209595, "text_length": 1262}
2025-09-08 07:34:54,721 - {"record_id": "68bb12eb35db675a8b09a466", "username": "Michael Jones", "channel": "App Store/Google Play", "platform": "Google Play Store", "dominant_topic": "Platform Crash Reports", "subtopics": "Server Crashes, Performance Degradation, Incident Response Required", "rating": 2, "priority": "P1 - High", "sentiment": "Negative", "urgency": true, "review_helpful": 28, "has_title": false, "generation_time": 19.906540632247925, "text_length": 860}
2025-09-08 07:35:07,286 - {"record_id": "68bb12eb35db675a8b09a46f", "username": "Mark Greene", "channel": "App Store/Google Play", "platform": "Google Play Store", "dominant_topic": "Platform Crash Reports", "subtopics": "System Failures Critical, Server Crashes, Application Errors", "rating": 1, "priority": "P1 - Critical", "sentiment": "Negative", "urgency": true, "review_helpful": 23, "has_title": false, "generation_time": 12.457671165466309, "text_length": 1302}
2025-09-08 07:35:17,062 - {"record_id": "68bb12eb35db675a8b09a46a", "username": "Ashley Evans", "channel": "App Store/Google Play", "platform": "Google Play Store", "dominant_topic": "Platform Crash Reports", "subtopics": "System Failures Critical, Server Crashes, Revenue Loss", "rating": 2, "priority": "P1 - High", "sentiment": "Negative", "urgency": true, "review_helpful": 28, "has_title": false, "generation_time": 22.234034538269043, "text_length": 1290}
2025-09-08 07:35:29,160 - {"record_id": "68bb12eb35db675a8b09a470", "username": "Yvette Alvarez MD", "channel": "App Store/Google Play", "platform": "Google Play Store", "dominant_topic": "Platform Crash Reports", "subtopics": "Infrastructure Problems, Revenue Loss, Prevention Measures Required", "rating": 2, "priority": "P1 - High", "sentiment": "Negative", "urgency": true, "review_helpful": 15, "has_title": false, "generation_time": 11.990967750549316, "text_length": 1168}
2025-09-08 07:35:39,092 - {"record_id": "68bb12eb35db675a8b09a472", "username": "Daniel Wong", "channel": "App Store/Google Play", "platform": "Google Play Store", "dominant_topic": "Platform Crash Reports", "subtopics": "Service Interruptions, Server Crashes, Recovery Time Extended", "rating": 1, "priority": "P1 - Critical", "sentiment": "Negative", "urgency": true, "review_helpful": 25, "has_title": false, "generation_time": 21.92246985435486, "text_length": 1185}
2025-09-08 07:35:52,970 - {"record_id": "68bb12eb35db675a8b09a475", "username": "Natalie Harrington", "channel": "App Store/Google Play", "platform": "App Store", "dominant_topic": "Platform Crash Reports", "subtopics": "Application Errors, Prevention Measures Required", "rating": 1, "priority": "P1 - Critical", "sentiment": "Negative", "urgency": true, "review_helpful": 28, "has_title": true, "generation_time": 13.771136283874512, "text_length": 1611}
2025-09-08 07:36:02,546 - {"record_id": "68bb12eb35db675a8b09a47d", "username": "Roger Knox", "channel": "App Store/Google Play", "platform": "Google Play Store", "dominant_topic": "Platform Crash Reports", "subtopics": "Server Crashes, Database Failures, Incident Response Required", "rating": 1, "priority": "P1 - High", "sentiment": "Negative", "urgency": true, "review_helpful": 25, "has_title": false, "generation_time": 23.34705090522766, "text_length": 1165}
2025-09-08 07:36:16,574 - {"record_id": "68bb12eb35db675a8b09a483", "username": "James Williams", "channel": "App Store/Google Play", "platform": "Google Play Store", "dominant_topic": "Platform Crash Reports", "subtopics": "System Failures Critical, Recovery Time Extended, Business Impact Severe", "rating": 2, "priority": "P1 - High", "sentiment": "Negative", "urgency": true, "review_helpful": 28, "has_title": false, "generation_time": 13.920584201812744, "text_length": 1561}
2025-09-08 07:36:26,960 - {"record_id": "68bb12eb35db675a8b09a487", "username": "Brian Mercado", "channel": "App Store/Google Play", "platform": "App Store", "dominant_topic": "Platform Crash Reports", "subtopics": "Network Outages, Business Impact Severe, Root Cause Analysis Needed", "rating": 1, "priority": "P1 - Critical", "sentiment": "Negative", "urgency": true, "review_helpful": 25, "has_title": true, "generation_time": 24.305480241775513, "text_length": 1184}
2025-09-08 07:36:38,561 - {"record_id": "68bb12eb35db675a8b09a490", "username": "Emily Parker", "channel": "App Store/Google Play", "platform": "App Store", "dominant_topic": "Platform Crash Reports", "subtopics": "Recovery Time Extended, Business Impact Severe, Root Cause Analysis Needed", "rating": 1, "priority": "P1 - Critical", "sentiment": "Negative", "urgency": true, "review_helpful": 1, "has_title": true, "generation_time": 11.493686437606812, "text_length": 1050}
2025-09-08 07:36:48,817 - {"record_id": "68bb12eb35db675a8b09a48f", "username": "Peggy Cowan", "channel": "App Store/Google Play", "platform": "Google Play Store", "dominant_topic": "Platform Crash Reports", "subtopics": "System Failures Critical, Application Errors, Incident Response Required", "rating": 2, "priority": "P1 - High", "sentiment": "Negative", "urgency": true, "review_helpful": 22, "has_title": false, "generation_time": 21.750362396240234, "text_length": 1351}
2025-09-08 07:37:01,483 - {"record_id": "68bb12eb35db675a8b09a493", "username": "Jackie Ruiz", "channel": "App Store/Google Play", "platform": "App Store", "dominant_topic": "Platform Crash Reports", "subtopics": "Customer Experience Disrupted, Incident Response Required", "rating": 1, "priority": "P1 - Critical", "sentiment": "Negative", "urgency": true, "review_helpful": 22, "has_title": true, "generation_time": 12.558272123336792, "text_length": 1231}
2025-09-08 07:37:12,285 - {"record_id": "68bb12eb35db675a8b09a49d", "username": "Mr. Joshua Daniels", "channel": "App Store/Google Play", "platform": "App Store", "dominant_topic": "Platform Crash Reports", "subtopics": "Infrastructure Problems, Database Failures, Prevention Measures Required", "rating": 1, "priority": "P1 - Critical", "sentiment": "Negative", "urgency": true, "review_helpful": 1, "has_title": true, "generation_time": 23.36021113395691, "text_length": 1537}
2025-09-08 07:37:25,056 - {"record_id": "68bb12eb35db675a8b09a49f", "username": "Tina Cross", "channel": "App Store/Google Play", "platform": "Google Play Store", "dominant_topic": "Platform Crash Reports", "subtopics": "Network Outages, Service Interruptions, Server Crashes", "rating": 2, "priority": "P2 - Medium", "sentiment": "Negative", "urgency": true, "review_helpful": 3, "has_title": false, "generation_time": 12.663095712661743, "text_length": 1228}
2025-09-08 07:37:35,174 - {"record_id": "68bb12eb35db675a8b09a4a2", "username": "Kristen Owen", "channel": "App Store/Google Play", "platform": "App Store", "dominant_topic": "Platform Crash Reports", "subtopics": "System Failures Critical, Recovery Time Extended", "rating": 1, "priority": "P1 - Critical", "sentiment": "Negative", "urgency": true, "review_helpful": 2, "has_title": true, "generation_time": 22.780537843704224, "text_length": 1319}
2025-09-08 07:37:47,005 - {"record_id": "68bb12eb35db675a8b09a4a5", "username": "Tyler Jones", "channel": "App Store/Google Play", "platform": "Google Play Store", "dominant_topic": "Platform Crash Reports", "subtopics": "Database Failures, Performance Degradation", "rating": 2, "priority": "P1 - High", "sentiment": "Negative", "urgency": true, "review_helpful": 12, "has_title": false, "generation_time": 11.724128484725952, "text_length": 1229}
2025-09-08 07:37:57,977 - {"record_id": "68bb12eb35db675a8b09a4a9", "username": "Travis Garcia", "channel": "App Store/Google Play", "platform": "Google Play Store", "dominant_topic": "System Outage Affecting", "subtopics": "Service Disruption Severe, Prevention Planning, Customer Retention Risk", "rating": 2, "priority": "P1 - High", "sentiment": "Negative", "urgency": true, "review_helpful": 28, "has_title": false, "generation_time": 22.695035934448242, "text_length": 1578}
2025-09-08 07:38:11,419 - {"record_id": "68bb12eb35db675a8b09a4b0", "username": "Cheryl Mills", "channel": "App Store/Google Play", "platform": "App Store", "dominant_topic": "System Outage Affecting", "subtopics": "Recovery Procedures, Prevention Planning, Customer Retention Risk", "rating": 2, "priority": "P2 - Medium", "sentiment": "Negative", "urgency": true, "review_helpful": 28, "has_title": true, "generation_time": 13.334914445877075, "text_length": 1444}
2025-09-08 07:38:20,838 - {"record_id": "68bb12eb35db675a8b09a4ad", "username": "Brooke Flores PhD", "channel": "App Store/Google Play", "platform": "Google Play Store", "dominant_topic": "System Outage Affecting", "subtopics": "Business Operations Impacted, Customer Experience Affected, Service Restoration Priority", "rating": 2, "priority": "P2 - Medium", "sentiment": "Negative", "urgency": true, "review_helpful": 4, "has_title": false, "generation_time": 22.75437569618225, "text_length": 1225}
2025-09-08 07:38:33,769 - {"record_id": "68bb12eb35db675a8b09a4b6", "username": "Linda Martinez", "channel": "App Store/Google Play", "platform": "App Store", "dominant_topic": "System Outage Affecting", "subtopics": "Service Disruption Severe, Incident Management, Customer Retention Risk", "rating": 1, "priority": "P1 - High", "sentiment": "Negative", "urgency": true, "review_helpful": 1, "has_title": true, "generation_time": 12.822927474975586, "text_length": 1330}
2025-09-08 07:38:42,607 - {"record_id": "68bb12eb35db675a8b09a4b5", "username": "Jessica Collier", "channel": "App Store/Google Play", "platform": "Google Play Store", "dominant_topic": "System Outage Affecting", "subtopics": "Recovery Procedures, Prevention Planning, Service Restoration Priority", "rating": 2, "priority": "P2 - Medium", "sentiment": "Negative", "urgency": true, "review_helpful": 28, "has_title": false, "generation_time": 21.661559581756592, "text_length": 1175}
2025-09-08 07:38:52,984 - {"record_id": "68bb12eb35db675a8b09a4bc", "username": "Nathan Watts", "channel": "App Store/Google Play", "platform": "Google Play Store", "dominant_topic": "System Outage Affecting", "subtopics": "Service Disruption Severe, Root Cause Investigation", "rating": 2, "priority": "P2 - Medium", "sentiment": "Negative", "urgency": true, "review_helpful": 25, "has_title": false, "generation_time": 10.269101619720459, "text_length": 962}
2025-09-08 07:39:02,610 - {"record_id": "68bb12eb35db675a8b09a4b8", "username": "Max Simmons", "channel": "App Store/Google Play", "platform": "Google Play Store", "dominant_topic": "System Outage Affecting", "subtopics": "Service Disruption Severe, Customer Experience Affected, Service Restoration Priority", "rating": 1, "priority": "P1 - Critical", "sentiment": "Negative", "urgency": true, "review_helpful": 2, "has_title": false, "generation_time": 19.89516568183899, "text_length": 1345}
2025-09-08 07:39:13,623 - {"record_id": "68bb12eb35db675a8b09a4c1", "username": "Richard Estes", "channel": "App Store/Google Play", "platform": "Google Play Store", "dominant_topic": "System Outage Affecting", "subtopics": "Incident Management, Prevention Planning", "rating": 2, "priority": "P2 - Medium", "sentiment": "Negative", "urgency": true, "review_helpful": 12, "has_title": false, "generation_time": 10.905346870422363, "text_length": 1025}
2025-09-08 07:39:22,876 - {"record_id": "68bb12eb35db675a8b09a4bd", "username": "Kimberly Logan", "channel": "App Store/Google Play", "platform": "Google Play Store", "dominant_topic": "System Outage Affecting", "subtopics": "Service Disruption Severe, Revenue Loss Significant, Recovery Procedures", "rating": 2, "priority": "P1 - High", "sentiment": "Negative", "urgency": true, "review_helpful": 15, "has_title": false, "generation_time": 20.158992767333984, "text_length": 1276}
2025-09-08 07:39:36,927 - {"record_id": "68bb12eb35db675a8b09a4c3", "username": "Yvonne Thompson", "channel": "App Store/Google Play", "platform": "App Store", "dominant_topic": "System Outage Affecting", "subtopics": "Prevention Planning, Service Restoration Priority, Customer Retention Risk", "rating": 2, "priority": "P2 - Medium", "sentiment": "Negative", "urgency": true, "review_helpful": 12, "has_title": true, "generation_time": 13.943311214447021, "text_length": 1530}
2025-09-08 07:39:46,670 - {"record_id": "68bb12eb35db675a8b09a4c5", "username": "Jimmy Thomas", "channel": "App Store/Google Play", "platform": "App Store", "dominant_topic": "System Outage Affecting", "subtopics": "Service Disruption Severe, Communication Challenges, Service Restoration Priority", "rating": 2, "priority": "P1 - High", "sentiment": "Negative", "urgency": true, "review_helpful": 4, "has_title": true, "generation_time": 23.686373472213745, "text_length": 1276}
2025-09-08 07:39:59,409 - {"record_id": "68bb12eb35db675a8b09a4d3", "username": "James Bennett", "channel": "App Store/Google Play", "platform": "App Store", "dominant_topic": "System Outage Affecting", "subtopics": "Recovery Procedures, Customer Retention Risk", "rating": 2, "priority": "P2 - Medium", "sentiment": "Negative", "urgency": true, "review_helpful": 25, "has_title": true, "generation_time": 12.630762577056885, "text_length": 1385}
2025-09-08 07:40:07,877 - {"record_id": "68bb12eb35db675a8b09a4d0", "username": "Jason Allen", "channel": "App Store/Google Play", "platform": "Google Play Store", "dominant_topic": "System Outage Affecting", "subtopics": "Business Operations Impacted, Operational Continuity Compromised, Root Cause Investigation", "rating": 2, "priority": "P2 - Medium", "sentiment": "Negative", "urgency": true, "review_helpful": 0, "has_title": false, "generation_time": 21.099903106689453, "text_length": 1046}
